This is pdfTeX, Version 3.14159265-2.6-1.40.17 (TeX Live 2016) (preloaded format=pdflatex 2016.5.22)  28 DEC 2016 00:48
entering extended mode
 restricted \write18 enabled.
 %&-line parsing enabled.
**ProjectPaper.tex
(./ProjectPaper.tex
LaTeX2e <2016/03/31>
Babel <3.9r> and hyphenation patterns for 83 language(s) loaded.
(/usr/local/texlive/2016/texmf-dist/tex/latex/base/article.cls
Document Class: article 2014/09/29 v1.4h Standard LaTeX document class
(/usr/local/texlive/2016/texmf-dist/tex/latex/base/size12.clo
File: size12.clo 2014/09/29 v1.4h Standard LaTeX file (size option)
)
\c@part=\count79
\c@section=\count80
\c@subsection=\count81
\c@subsubsection=\count82
\c@paragraph=\count83
\c@subparagraph=\count84
\c@figure=\count85
\c@table=\count86
\abovecaptionskip=\skip41
\belowcaptionskip=\skip42
\bibindent=\dimen102
)
(/usr/local/texlive/2016/texmf-dist/tex/latex/geometry/geometry.sty
Package: geometry 2010/09/12 v5.6 Page Geometry

(/usr/local/texlive/2016/texmf-dist/tex/latex/graphics/keyval.sty
Package: keyval 2014/10/28 v1.15 key=value parser (DPC)
\KV@toks@=\toks14
)
(/usr/local/texlive/2016/texmf-dist/tex/generic/oberdiek/ifpdf.sty
Package: ifpdf 2016/05/14 v3.1 Provides the ifpdf switch
)
(/usr/local/texlive/2016/texmf-dist/tex/generic/oberdiek/ifvtex.sty
Package: ifvtex 2016/05/16 v1.6 Detect VTeX and its facilities (HO)
Package ifvtex Info: VTeX not detected.
)
(/usr/local/texlive/2016/texmf-dist/tex/generic/ifxetex/ifxetex.sty
Package: ifxetex 2010/09/12 v0.6 Provides ifxetex conditional
)
\Gm@cnth=\count87
\Gm@cntv=\count88
\c@Gm@tempcnt=\count89
\Gm@bindingoffset=\dimen103
\Gm@wd@mp=\dimen104
\Gm@odd@mp=\dimen105
\Gm@even@mp=\dimen106
\Gm@layoutwidth=\dimen107
\Gm@layoutheight=\dimen108
\Gm@layouthoffset=\dimen109
\Gm@layoutvoffset=\dimen110
\Gm@dimlist=\toks15
)
(/usr/local/texlive/2016/texmf-dist/tex/latex/graphics/graphicx.sty
Package: graphicx 2014/10/28 v1.0g Enhanced LaTeX Graphics (DPC,SPQR)

(/usr/local/texlive/2016/texmf-dist/tex/latex/graphics/graphics.sty
Package: graphics 2016/05/09 v1.0r Standard LaTeX Graphics (DPC,SPQR)

(/usr/local/texlive/2016/texmf-dist/tex/latex/graphics/trig.sty
Package: trig 2016/01/03 v1.10 sin cos tan (DPC)
)
(/usr/local/texlive/2016/texmf-dist/tex/latex/graphics-cfg/graphics.cfg
File: graphics.cfg 2016/01/02 v1.10 sample graphics configuration
)
Package graphics Info: Driver file: pdftex.def on input line 96.

(/usr/local/texlive/2016/texmf-dist/tex/latex/pdftex-def/pdftex.def
File: pdftex.def 2011/05/27 v0.06d Graphics/color for pdfTeX

(/usr/local/texlive/2016/texmf-dist/tex/generic/oberdiek/infwarerr.sty
Package: infwarerr 2016/05/16 v1.4 Providing info/warning/error messages (HO)
)
(/usr/local/texlive/2016/texmf-dist/tex/generic/oberdiek/ltxcmds.sty
Package: ltxcmds 2016/05/16 v1.23 LaTeX kernel commands for general use (HO)
)
\Gread@gobject=\count90
))
\Gin@req@height=\dimen111
\Gin@req@width=\dimen112
)
(/usr/local/texlive/2016/texmf-dist/tex/latex/caption/caption.sty
Package: caption 2016/02/21 v3.3-144 Customizing captions (AR)

(/usr/local/texlive/2016/texmf-dist/tex/latex/caption/caption3.sty
Package: caption3 2016/02/04 v1.7-139 caption3 kernel (AR)
Package caption3 Info: TeX engine: e-TeX on input line 67.
\captionmargin=\dimen113
\captionmargin@=\dimen114
\captionwidth=\dimen115
\caption@tempdima=\dimen116
\caption@indent=\dimen117
\caption@parindent=\dimen118
\caption@hangindent=\dimen119
)
\c@ContinuedFloat=\count91
)
(/usr/local/texlive/2016/texmf-dist/tex/latex/amsmath/amsmath.sty
Package: amsmath 2016/03/10 v2.15b AMS math features
\@mathmargin=\skip43

For additional information on amsmath, use the `?' option.
(/usr/local/texlive/2016/texmf-dist/tex/latex/amsmath/amstext.sty
Package: amstext 2000/06/29 v2.01 AMS text

(/usr/local/texlive/2016/texmf-dist/tex/latex/amsmath/amsgen.sty
File: amsgen.sty 1999/11/30 v2.0 generic functions
\@emptytoks=\toks16
\ex@=\dimen120
))
(/usr/local/texlive/2016/texmf-dist/tex/latex/amsmath/amsbsy.sty
Package: amsbsy 1999/11/29 v1.2d Bold Symbols
\pmbraise@=\dimen121
)
(/usr/local/texlive/2016/texmf-dist/tex/latex/amsmath/amsopn.sty
Package: amsopn 2016/03/08 v2.02 operator names
)
\inf@bad=\count92
LaTeX Info: Redefining \frac on input line 199.
\uproot@=\count93
\leftroot@=\count94
LaTeX Info: Redefining \overline on input line 297.
\classnum@=\count95
\DOTSCASE@=\count96
LaTeX Info: Redefining \ldots on input line 394.
LaTeX Info: Redefining \dots on input line 397.
LaTeX Info: Redefining \cdots on input line 518.
\Mathstrutbox@=\box26
\strutbox@=\box27
\big@size=\dimen122
LaTeX Font Info:    Redeclaring font encoding OML on input line 634.
LaTeX Font Info:    Redeclaring font encoding OMS on input line 635.
\macc@depth=\count97
\c@MaxMatrixCols=\count98
\dotsspace@=\muskip10
\c@parentequation=\count99
\dspbrk@lvl=\count100
\tag@help=\toks17
\row@=\count101
\column@=\count102
\maxfields@=\count103
\andhelp@=\toks18
\eqnshift@=\dimen123
\alignsep@=\dimen124
\tagshift@=\dimen125
\tagwidth@=\dimen126
\totwidth@=\dimen127
\lineht@=\dimen128
\@envbody=\toks19
\multlinegap=\skip44
\multlinetaggap=\skip45
\mathdisplay@stack=\toks20
LaTeX Info: Redefining \[ on input line 2739.
LaTeX Info: Redefining \] on input line 2740.
)
(/usr/local/texlive/2016/texmf-dist/tex/latex/base/fontenc.sty
Package: fontenc 2005/09/27 v1.99g Standard LaTeX package

(/usr/local/texlive/2016/texmf-dist/tex/latex/base/t1enc.def
File: t1enc.def 2005/09/27 v1.99g Standard LaTeX file
LaTeX Font Info:    Redeclaring font encoding T1 on input line 48.
))
(/usr/local/texlive/2016/texmf-dist/tex/latex/preprint/authblk.sty
Package: authblk 2001/02/27 1.3 (PWD)
\affilsep=\skip46
\@affilsep=\skip47
\c@Maxaffil=\count104
\c@authors=\count105
\c@affil=\count106
)
(/usr/local/texlive/2016/texmf-dist/tex/latex/hyperref/hyperref.sty
Package: hyperref 2016/05/05 v6.83n Hypertext links for LaTeX

(/usr/local/texlive/2016/texmf-dist/tex/generic/oberdiek/hobsub-hyperref.sty
Package: hobsub-hyperref 2016/05/16 v1.14 Bundle oberdiek, subset hyperref (HO)


(/usr/local/texlive/2016/texmf-dist/tex/generic/oberdiek/hobsub-generic.sty
Package: hobsub-generic 2016/05/16 v1.14 Bundle oberdiek, subset generic (HO)
Package: hobsub 2016/05/16 v1.14 Construct package bundles (HO)
Package hobsub Info: Skipping package `infwarerr' (already loaded).
Package hobsub Info: Skipping package `ltxcmds' (already loaded).
Package: ifluatex 2016/05/16 v1.4 Provides the ifluatex switch (HO)
Package ifluatex Info: LuaTeX not detected.
Package hobsub Info: Skipping package `ifvtex' (already loaded).
Package: intcalc 2016/05/16 v1.2 Expandable calculations with integers (HO)
Package hobsub Info: Skipping package `ifpdf' (already loaded).
Package: etexcmds 2016/05/16 v1.6 Avoid name clashes with e-TeX commands (HO)
Package etexcmds Info: Could not find \expanded.
(etexcmds)             That can mean that you are not using pdfTeX 1.50 or
(etexcmds)             that some package has redefined \expanded.
(etexcmds)             In the latter case, load this package earlier.
Package: kvsetkeys 2016/05/16 v1.17 Key value parser (HO)
Package: kvdefinekeys 2016/05/16 v1.4 Define keys (HO)
Package: pdftexcmds 2016/05/10 v0.21 Utility functions of pdfTeX for LuaTeX (HO
)
Package pdftexcmds Info: LuaTeX not detected.
Package pdftexcmds Info: \pdf@primitive is available.
Package pdftexcmds Info: \pdf@ifprimitive is available.
Package pdftexcmds Info: \pdfdraftmode found.
Package: pdfescape 2016/05/16 v1.14 Implements pdfTeX's escape features (HO)
Package: bigintcalc 2016/05/16 v1.4 Expandable calculations on big integers (HO
)
Package: bitset 2016/05/16 v1.2 Handle bit-vector datatype (HO)
Package: uniquecounter 2016/05/16 v1.3 Provide unlimited unique counter (HO)
)
Package hobsub Info: Skipping package `hobsub' (already loaded).
Package: letltxmacro 2016/05/16 v1.5 Let assignment for LaTeX macros (HO)
Package: hopatch 2016/05/16 v1.3 Wrapper for package hooks (HO)
Package: xcolor-patch 2016/05/16 xcolor patch
Package: atveryend 2016/05/16 v1.9 Hooks at the very end of document (HO)
Package atveryend Info: \enddocument detected (standard20110627).
Package: atbegshi 2016/05/16 v1.17 At begin shipout hook (HO)
Package: refcount 2016/05/16 v3.5 Data extraction from label references (HO)
Package: hycolor 2016/05/16 v1.8 Color options for hyperref/bookmark (HO)
)
(/usr/local/texlive/2016/texmf-dist/tex/latex/oberdiek/auxhook.sty
Package: auxhook 2016/05/16 v1.4 Hooks for auxiliary files (HO)
)
(/usr/local/texlive/2016/texmf-dist/tex/latex/oberdiek/kvoptions.sty
Package: kvoptions 2016/05/16 v3.12 Key value format for package options (HO)
)
\@linkdim=\dimen129
\Hy@linkcounter=\count107
\Hy@pagecounter=\count108

(/usr/local/texlive/2016/texmf-dist/tex/latex/hyperref/pd1enc.def
File: pd1enc.def 2016/05/05 v6.83n Hyperref: PDFDocEncoding definition (HO)
)
\Hy@SavedSpaceFactor=\count109

(/usr/local/texlive/2016/texmf-dist/tex/latex/latexconfig/hyperref.cfg
File: hyperref.cfg 2002/06/06 v1.2 hyperref configuration of TeXLive
)
Package hyperref Info: Option `colorlinks' set `true' on input line 4322.
Package hyperref Info: Option `plainpages' set `false' on input line 4322.
Package hyperref Info: Hyper figures OFF on input line 4446.
Package hyperref Info: Link nesting OFF on input line 4451.
Package hyperref Info: Hyper index ON on input line 4454.
Package hyperref Info: Plain pages OFF on input line 4461.
Package hyperref Info: Backreferencing OFF on input line 4466.
Package hyperref Info: Implicit mode ON; LaTeX internals redefined.
Package hyperref Info: Bookmarks ON on input line 4691.
\c@Hy@tempcnt=\count110

(/usr/local/texlive/2016/texmf-dist/tex/latex/url/url.sty
\Urlmuskip=\muskip11
Package: url 2013/09/16  ver 3.4  Verb mode for urls, etc.
)
LaTeX Info: Redefining \url on input line 5044.
\XeTeXLinkMargin=\dimen130
\Fld@menulength=\count111
\Field@Width=\dimen131
\Fld@charsize=\dimen132
Package hyperref Info: Hyper figures OFF on input line 6298.
Package hyperref Info: Link nesting OFF on input line 6303.
Package hyperref Info: Hyper index ON on input line 6306.
Package hyperref Info: backreferencing OFF on input line 6313.
Package hyperref Info: Link coloring ON on input line 6316.
Package hyperref Info: Link coloring with OCG OFF on input line 6323.
Package hyperref Info: PDF/A mode OFF on input line 6328.
LaTeX Info: Redefining \ref on input line 6368.
LaTeX Info: Redefining \pageref on input line 6372.
\Hy@abspage=\count112
\c@Item=\count113
\c@Hfootnote=\count114
)

Package hyperref Message: Driver (autodetected): hpdftex.

(/usr/local/texlive/2016/texmf-dist/tex/latex/hyperref/hpdftex.def
File: hpdftex.def 2016/05/05 v6.83n Hyperref driver for pdfTeX
\Fld@listcount=\count115
\c@bookmark@seq@number=\count116

(/usr/local/texlive/2016/texmf-dist/tex/latex/oberdiek/rerunfilecheck.sty
Package: rerunfilecheck 2016/05/16 v1.8 Rerun checks for auxiliary files (HO)
Package uniquecounter Info: New unique counter `rerunfilecheck' on input line 2
82.
)
\Hy@SectionHShift=\skip48
)
(/usr/local/texlive/2016/texmf-dist/tex/latex/setspace/setspace.sty
Package: setspace 2011/12/19 v6.7a set line spacing
)
(/usr/local/texlive/2016/texmf-dist/tex/latex/psnfss/times.sty
Package: times 2005/04/12 PSNFSS-v9.2a (SPQR) 
)
(/usr/local/texlive/2016/texmf-dist/tex/latex/wrapfig/wrapfig.sty
\wrapoverhang=\dimen133
\WF@size=\dimen134
\c@WF@wrappedlines=\count117
\WF@box=\box28
\WF@everypar=\toks21
Package: wrapfig 2003/01/31  v 3.6
)
(./ProjectPaper.aux)
\openout1 = `ProjectPaper.aux'.

LaTeX Font Info:    Checking defaults for OML/cmm/m/it on input line 27.
LaTeX Font Info:    ... okay on input line 27.
LaTeX Font Info:    Checking defaults for T1/cmr/m/n on input line 27.
LaTeX Font Info:    ... okay on input line 27.
LaTeX Font Info:    Checking defaults for OT1/cmr/m/n on input line 27.
LaTeX Font Info:    ... okay on input line 27.
LaTeX Font Info:    Checking defaults for OMS/cmsy/m/n on input line 27.
LaTeX Font Info:    ... okay on input line 27.
LaTeX Font Info:    Checking defaults for OMX/cmex/m/n on input line 27.
LaTeX Font Info:    ... okay on input line 27.
LaTeX Font Info:    Checking defaults for U/cmr/m/n on input line 27.
LaTeX Font Info:    ... okay on input line 27.
LaTeX Font Info:    Checking defaults for PD1/pdf/m/n on input line 27.
LaTeX Font Info:    ... okay on input line 27.
LaTeX Font Info:    Try loading font information for T1+ptm on input line 27.

(/usr/local/texlive/2016/texmf-dist/tex/latex/psnfss/t1ptm.fd
File: t1ptm.fd 2001/06/04 font definitions for T1/ptm.
)
*geometry* driver: auto-detecting
*geometry* detected driver: pdftex
*geometry* verbose mode - [ preamble ] result:
* driver: pdftex
* paper: <default>
* layout: <same size as paper>
* layoutoffset:(h,v)=(0.0pt,0.0pt)
* modes: 
* h-part:(L,W,R)=(54.2025pt, 505.89pt, 54.2025pt)
* v-part:(T,H,B)=(54.2025pt, 686.56499pt, 54.2025pt)
* \paperwidth=614.295pt
* \paperheight=794.96999pt
* \textwidth=505.89pt
* \textheight=686.56499pt
* \oddsidemargin=-18.06749pt
* \evensidemargin=-18.06749pt
* \topmargin=-55.06749pt
* \headheight=12.0pt
* \headsep=25.0pt
* \topskip=12.0pt
* \footskip=30.0pt
* \marginparwidth=44.0pt
* \marginparsep=10.0pt
* \columnsep=10.0pt
* \skip\footins=10.8pt plus 4.0pt minus 2.0pt
* \hoffset=0.0pt
* \voffset=0.0pt
* \mag=1000
* \@twocolumnfalse
* \@twosidefalse
* \@mparswitchfalse
* \@reversemarginfalse
* (1in=72.27pt=25.4mm, 1cm=28.453pt)

(/usr/local/texlive/2016/texmf-dist/tex/context/base/mkii/supp-pdf.mkii
[Loading MPS to PDF converter (version 2006.09.02).]
\scratchcounter=\count118
\scratchdimen=\dimen135
\scratchbox=\box29
\nofMPsegments=\count119
\nofMParguments=\count120
\everyMPshowfont=\toks22
\MPscratchCnt=\count121
\MPscratchDim=\dimen136
\MPnumerator=\count122
\makeMPintoPDFobject=\count123
\everyMPtoPDFconversion=\toks23
) (/usr/local/texlive/2016/texmf-dist/tex/latex/oberdiek/epstopdf-base.sty
Package: epstopdf-base 2016/05/15 v2.6 Base part for package epstopdf

(/usr/local/texlive/2016/texmf-dist/tex/latex/oberdiek/grfext.sty
Package: grfext 2016/05/16 v1.2 Manage graphics extensions (HO)
)
Package grfext Info: Graphics extension search list:
(grfext)             [.png,.pdf,.jpg,.mps,.jpeg,.jbig2,.jb2,.PNG,.PDF,.JPG,.JPE
G,.JBIG2,.JB2,.eps]
(grfext)             \AppendGraphicsExtensions on input line 456.

(/usr/local/texlive/2016/texmf-dist/tex/latex/latexconfig/epstopdf-sys.cfg
File: epstopdf-sys.cfg 2010/07/13 v1.3 Configuration of (r)epstopdf for TeX Liv
e
))
Package caption Info: Begin \AtBeginDocument code.
Package caption Info: hyperref package is loaded.
Package caption Info: wrapfig package is loaded.
Package caption Info: End \AtBeginDocument code.
\AtBeginShipoutBox=\box30

(/usr/local/texlive/2016/texmf-dist/tex/latex/graphics/color.sty
Package: color 2016/05/09 v1.1c Standard LaTeX Color (DPC)

(/usr/local/texlive/2016/texmf-dist/tex/latex/graphics-cfg/color.cfg
File: color.cfg 2016/01/02 v1.6 sample color configuration
)
Package color Info: Driver file: pdftex.def on input line 144.
)
Package hyperref Info: Link coloring ON on input line 27.

(/usr/local/texlive/2016/texmf-dist/tex/latex/hyperref/nameref.sty
Package: nameref 2012/10/27 v2.43 Cross-referencing by name of section

(/usr/local/texlive/2016/texmf-dist/tex/generic/oberdiek/gettitlestring.sty
Package: gettitlestring 2016/05/16 v1.5 Cleanup title references (HO)
)
\c@section@level=\count124
)
LaTeX Info: Redefining \ref on input line 27.
LaTeX Info: Redefining \pageref on input line 27.
LaTeX Info: Redefining \nameref on input line 27.

(./ProjectPaper.out) (./ProjectPaper.out)
\@outlinefile=\write3
\openout3 = `ProjectPaper.out'.

LaTeX Font Info:    Font shape `T1/ptm/bx/n' in size <10.95> not available
(Font)              Font shape `T1/ptm/b/n' tried instead on input line 40.
 [1

{/usr/local/texlive/2016/texmf-var/fonts/map/pdftex/updmap/pdftex.map}]
LaTeX Font Info:    Font shape `T1/ptm/bx/n' in size <17.28> not available
(Font)              Font shape `T1/ptm/b/n' tried instead on input line 51.
LaTeX Font Info:    Try loading font information for OMS+ptm on input line 100.


(/usr/local/texlive/2016/texmf-dist/tex/latex/psnfss/omsptm.fd
File: omsptm.fd 
)
LaTeX Font Info:    Font shape `OMS/ptm/m/n' in size <12> not available
(Font)              Font shape `OMS/cmsy/m/n' tried instead on input line 100.
 [2]
LaTeX Font Info:    Font shape `T1/ptm/bx/n' in size <14.4> not available
(Font)              Font shape `T1/ptm/b/n' tried instead on input line 106.
LaTeX Font Info:    Font shape `T1/ptm/bx/n' in size <12> not available
(Font)              Font shape `T1/ptm/b/n' tried instead on input line 124.
LaTeX Font Info:    Try loading font information for T1+pcr on input line 130.

(/usr/local/texlive/2016/texmf-dist/tex/latex/psnfss/t1pcr.fd
File: t1pcr.fd 2001/06/04 font definitions for T1/pcr.
)
<ConnectTwitterStreamingApi.pdf, id=93, 580.1675pt x 247.92625pt>
File: ConnectTwitterStreamingApi.pdf Graphic file (type pdf)

<use ConnectTwitterStreamingApi.pdf>
Package pdftex.def Info: ConnectTwitterStreamingApi.pdf used on input line 152.

(pdftex.def)             Requested size: 455.2979pt x 194.56578pt.

Underfull \hbox (badness 10000) in paragraph at lines 162--163

 []

[3] <Streaming_1.pdf, id=104, 148.555pt x 236.885pt>
File: Streaming_1.pdf Graphic file (type pdf)
 <use Streaming_1.pdf>
Package pdftex.def Info: Streaming_1.pdf used on input line 168.
(pdftex.def)             Requested size: 101.17645pt x 161.34352pt.

[4 <./ConnectTwitterStreamingApi.pdf> <./Streaming_1.pdf>]
<Streaming_2.pdf, id=133, 262.9825pt x 220.825pt>
File: Streaming_2.pdf Graphic file (type pdf)
 <use Streaming_2.pdf>
Package pdftex.def Info: Streaming_2.pdf used on input line 178.
(pdftex.def)             Requested size: 607.06645pt x 509.83437pt.

Overfull \hbox (101.17645pt too wide) in paragraph at lines 178--179
[][] 
 []


Underfull \hbox (badness 10000) in paragraph at lines 191--193

 []

<TweetSample.pdf, id=134, 469.755pt x 182.6825pt>
File: TweetSample.pdf Graphic file (type pdf)
 <use TweetSample.pdf>
Package pdftex.def Info: TweetSample.pdf used on input line 206.
(pdftex.def)             Requested size: 505.89pt x 196.73386pt.

[5 <./Streaming_2.pdf>]
<PyMultiprocessing_1.pdf, id=151, 182.6825pt x 135.50626pt>
File: PyMultiprocessing_1.pdf Graphic file (type pdf)

<use PyMultiprocessing_1.pdf>
Package pdftex.def Info: PyMultiprocessing_1.pdf used on input line 221.
(pdftex.def)             Requested size: 328.82541pt x 243.94205pt.

Underfull \hbox (badness 1609) in paragraph at lines 228--230
\T1/ptm/m/n/12 is a pro-cess pool ob-ject which
 []


Underfull \hbox (badness 1668) in paragraph at lines 228--230
\T1/ptm/m/n/12 con-trols a pool of worker pro-
 []


Overfull \hbox (1.64217pt too wide) in paragraph at lines 228--230
\T1/ptm/m/n/12 Python map (func, it-er-able, [chunk-
 []


Underfull \hbox (badness 10000) in paragraph at lines 228--230

 []


Underfull \hbox (badness 10000) in paragraph at lines 232--233

 []

<PyMultiprocessing_2.pdf, id=153, 292.09125pt x 161.60374pt>
File: PyMultiprocessing_2.pdf Graphic file (type pdf)

<use PyMultiprocessing_2.pdf>
Package pdftex.def Info: PyMultiprocessing_2.pdf used on input line 236.
(pdftex.def)             Requested size: 607.06645pt x 335.89853pt.

Overfull \hbox (101.17645pt too wide) in paragraph at lines 236--237
 [][] 
 []

[6 <./TweetSample.pdf> <./PyMultiprocessing_1.pdf>]
<PyWordCloud_1.pdf, id=189, 329.23pt x 85.31876pt>
File: PyWordCloud_1.pdf Graphic file (type pdf)
 <use PyWordCloud_1.pdf>
Package pdftex.def Info: PyWordCloud_1.pdf used on input line 252.
(pdftex.def)             Requested size: 455.2979pt x 117.99124pt.

[7 <./PyMultiprocessing_2.pdf> <./PyWordCloud_1.pdf>]
Underfull \hbox (badness 10000) in paragraph at lines 267--269

 []


Underfull \hbox (badness 10000) in paragraph at lines 270--272

 []


Underfull \hbox (badness 10000) in paragraph at lines 270--272

 []

<D3jsWordCloud_1.pdf, id=227, 320.19624pt x 73.27374pt>
File: D3jsWordCloud_1.pdf Graphic file (type pdf)

<use D3jsWordCloud_1.pdf>
Package pdftex.def Info: D3jsWordCloud_1.pdf used on input line 276.
(pdftex.def)             Requested size: 252.94499pt x 57.88448pt.

<D3jsWordCloud_4.pdf, id=228, 238.8925pt x 246.9225pt>
File: D3jsWordCloud_4.pdf Graphic file (type pdf)

<use D3jsWordCloud_4.pdf>
Package pdftex.def Info: D3jsWordCloud_4.pdf used on input line 292.
(pdftex.def)             Requested size: 202.3529pt x 209.15416pt.

<WordCloudAnalystGana_10.pdf, id=229, 302.12875pt x 165.61874pt>
File: WordCloudAnalystGana_10.pdf Graphic file (type pdf)

<use WordCloudAnalystGana_10.pdf>
Package pdftex.def Info: WordCloudAnalystGana_10.pdf used on input line 314.
(pdftex.def)             Requested size: 399.64969pt x 219.07735pt.
 [8 <./D3jsWordCloud_1.pdf> <./D3jsWordCloud_4.pdf>] <WordCloudAnalystGana_20.p
df, id=265, 315.1775pt x 172.645pt>
File: WordCloudAnalystGana_20.pdf Graphic file (type pdf)

<use WordCloudAnalystGana_20.pdf>
Package pdftex.def Info: WordCloudAnalystGana_20.pdf used on input line 325.
(pdftex.def)             Requested size: 399.64969pt x 218.93002pt.
 [9 <./WordCloudAnalystGana_10.pdf> <./WordCloudAnalystGana_20.pdf>]
<WordCloudAnalystGana_1.pdf, id=296, 112.42pt x 68.255pt>
File: WordCloudAnalystGana_1.pdf Graphic file (type pdf)

<use WordCloudAnalystGana_1.pdf>
Package pdftex.def Info: WordCloudAnalystGana_1.pdf used on input line 340.
(pdftex.def)             Requested size: 217.52899pt x 132.08644pt.

<WordCloudAnalystGana_2.pdf, id=297, 117.43875pt x 79.29625pt>
File: WordCloudAnalystGana_2.pdf Graphic file (type pdf)

<use WordCloudAnalystGana_2.pdf>
Package pdftex.def Info: WordCloudAnalystGana_2.pdf used on input line 346.
(pdftex.def)             Requested size: 202.3529pt x 136.63248pt.

<WordCloudAnalystGana_3.pdf, id=298, 136.51pt x 85.31876pt>
File: WordCloudAnalystGana_3.pdf Graphic file (type pdf)

<use WordCloudAnalystGana_3.pdf>
Package pdftex.def Info: WordCloudAnalystGana_3.pdf used on input line 356.
(pdftex.def)             Requested size: 202.3529pt x 126.47934pt.

<WordCloudAnalystGana_4.pdf, id=299, 80.3pt x 162.6075pt>
File: WordCloudAnalystGana_4.pdf Graphic file (type pdf)

<use WordCloudAnalystGana_4.pdf>
Package pdftex.def Info: WordCloudAnalystGana_4.pdf used on input line 362.
(pdftex.def)             Requested size: 75.8804pt x 153.66241pt.
 [10 <./WordCloudAnalystGana_1.pdf> <./WordCloudAnalystGana_2.pdf> <./WordCloud
AnalystGana_3.pdf> <./WordCloudAnalystGana_4.pdf>] (./ProjectPaper.bbl
Underfull \hbox (badness 10000) in paragraph at lines 15--19
[]\T1/ptm/m/n/12 Mike Isaac and Syd-ney Em-ber.  \T1/ptm/m/it/12 For Elec-tion 
Day In-flu-ence, Twit-ter Ruled So-
 []


Underfull \hbox (badness 10000) in paragraph at lines 15--19
\T1/ptm/m/it/12 cial Me-dia\T1/ptm/m/n/12 , 2016.  [][]$\T1/pcr/m/n/12 http : /
 / www . nytimes . com / 2016 / 11 / 09 / technology /
 []


Underfull \hbox (badness 2435) in paragraph at lines 32--36
[]\T1/ptm/m/n/12 Daniel Forsyth.  \T1/ptm/m/it/12 An-a-lyz-ing a NHL Play-off G
ame With Twit-ter\T1/ptm/m/n/12 , 2014.  [][]$\T1/pcr/m/n/12 http : / / www .
 []


Underfull \hbox (badness 10000) in paragraph at lines 43--48
[]\T1/ptm/m/n/12 Marco Bon-zanini.  \T1/ptm/m/it/12 Min-ing Twit-ter Data with 
Python (Part 1: Col-
 []


Underfull \hbox (badness 10000) in paragraph at lines 43--48
\T1/ptm/m/it/12 lect-ing data)\T1/ptm/m/n/12 , 2015.  [][]$\T1/pcr/m/n/12 https
 : / / marcobonzanini . com / 2015 / 03 / 02 /
 []


Underfull \hbox (badness 10000) in paragraph at lines 50--53
[]\T1/ptm/m/n/12 Joe Whitfield-Seed.  \T1/ptm/m/it/12 An-i-mated d3 word cloud\
T1/ptm/m/n/12 , 2016.  [][]$\T1/pcr/m/n/12 http : / / bl . ocks . org /
 []

)
Package atveryend Info: Empty hook `BeforeClearDocument' on input line 419.
 [11]
Package atveryend Info: Empty hook `AfterLastShipout' on input line 419.
 (./ProjectPaper.aux)
Package atveryend Info: Executing hook `AtVeryEndDocument' on input line 419.
Package atveryend Info: Executing hook `AtEndAfterFileList' on input line 419.
Package rerunfilecheck Info: File `ProjectPaper.out' has not changed.
(rerunfilecheck)             Checksum: 1BDBBC57860CC8C2639AD5591FD4D33E;1008.
Package atveryend Info: Empty hook `AtVeryVeryEnd' on input line 419.
 ) 
Here is how much of TeX's memory you used:
 7786 strings out of 493014
 117209 string characters out of 6133351
 208486 words of memory out of 5000000
 11159 multiletter control sequences out of 15000+600000
 39113 words of font info for 55 fonts, out of 8000000 for 9000
 1141 hyphenation exceptions out of 8191
 36i,8n,39p,757b,385s stack positions out of 5000i,500n,10000p,200000b,80000s
{/usr/local/texlive/2016/texmf-dist/fonts/enc/dvips/base/8r.enc}</usr/local/t
exlive/2016/texmf-dist/fonts/type1/public/amsfonts/cm/cmmi12.pfb></usr/local/te
xlive/2016/texmf-dist/fonts/type1/public/amsfonts/cm/cmmi8.pfb></usr/local/texl
ive/2016/texmf-dist/fonts/type1/public/amsfonts/cm/cmsy10.pfb></usr/local/texli
ve/2016/texmf-dist/fonts/type1/urw/courier/ucrr8a.pfb></usr/local/texlive/2016/
texmf-dist/fonts/type1/urw/times/utmb8a.pfb></usr/local/texlive/2016/texmf-dist
/fonts/type1/urw/times/utmr8a.pfb></usr/local/texlive/2016/texmf-dist/fonts/typ
e1/urw/times/utmri8a.pfb>
Output written on ProjectPaper.pdf (11 pages, 2938132 bytes).
PDF statistics:
 414 PDF objects out of 1000 (max. 8388607)
 325 compressed objects within 4 object streams
 58 named destinations out of 1000 (max. 500000)
 188 words of extra memory for PDF output out of 10000 (max. 10000000)

